2025-11-20 13:42:27 | Зміни виявлено: Перший запуск - всі дані нові
2025-11-20 13:46:49 | Змін не виявлено
2025-11-20 13:47:31 | Зміни виявлено: Перший запуск - всі дані нові
2025-11-20 14:29:38 | Зміни виявлено: Перший запуск - всі дані нові
2025-11-20 14:39:01 | Змін не виявлено
2025-11-20 14:43:46 | Змін не виявлено
2025-11-20 14:48:46 | Змін не виявлено
2025-11-20 14:54:00 | Змін не виявлено
2025-11-20 14:59:07 | Змін не виявлено
2025-11-20 15:04:21 | Змін не виявлено
2025-11-20 15:09:36 | Змін не виявлено
2025-11-20 15:15:00 | Змін не виявлено
2025-11-20 15:20:27 | Змін не виявлено
2025-11-20 15:25:35 | Змін не виявлено
2025-11-20 15:31:07 | Змін не виявлено
2025-11-20 15:37:43 | Зміни виявлено: Видалені групи: 1.1, 1.2
2025-11-20 15:41:22 | Зміни виявлено: Додані групи: 1.2, 1.1
2025-11-20 15:46:32 | Змін не виявлено
2025-11-20 15:52:00 | Змін не виявлено
2025-11-20 15:57:01 | Змін не виявлено
2025-11-20 16:02:22 | Змін не виявлено
2025-11-20 16:07:34 | Змін не виявлено
2025-11-20 16:13:23 | Змін не виявлено
2025-11-20 16:18:22 | Змін не виявлено
2025-11-20 16:23:33 | Змін не виявлено
2025-11-20 16:28:45 | Змін не виявлено
2025-11-20 16:34:22 | Змін не виявлено
2025-11-20 16:39:59 | Зміни виявлено: Змінені групи: 2.2, 5.1, 1.2, 2.1, 4.2, 5.2, 6.2, 1.1, 4.1, 6.1, 3.1, 3.2
2025-11-20 16:45:07 | Змін не виявлено
2025-11-20 16:50:24 | Зміни виявлено: Змінені групи: 6.2, 6.1, 2.2, 5.2, 1.1, 1.2, 3.2, 5.1, 2.1, 3.1, 4.2, 4.1
2025-11-20 16:54:21 | Зміни виявлено: Видалені групи: 1.2, 1.1
2025-11-20 16:59:34 | Зміни виявлено: Додані групи: 1.1, 1.2
2025-11-20 17:09:01 | Змін не виявлено
2025-11-20 17:10:02 | Зміни виявлено: Змінені групи: 1.1
2025-11-20 17:12:53 | Зміни виявлено: Додані групи: 1.1, 1.2, Видалені групи: 2.1
2025-11-20 17:13:32 | Зміни виявлено: Додані групи: 2.1
2025-11-20 17:15:46 | Змін не виявлено
2025-11-20 17:18:09 | Змін не виявлено
2025-11-20 17:18:22 | Змін не виявлено
2025-11-20 17:23:58 | Змін не виявлено
2025-11-20 17:26:26 | Змін не виявлено
2025-11-20 17:29:01 | Змін не виявлено
2025-11-20 17:29:26 | Змін не виявлено
2025-11-20 17:34:31 | Змін не виявлено
2025-11-20 17:34:38 | Змін не виявлено
2025-11-20 17:39:23 | Зміни виявлено: Змінені групи: 5.1, 4.2, 5.2, 6.2, 3.1, 3.2, 6.1, 2.2, 4.1, 2.1, 1.2, 1.1
2025-11-20 18:11:41 | Зміни виявлено: Видалені групи: 1.1, 1.2
2025-11-20 18:11:59 | Зміни виявлено: Додані групи: 1.2, 1.1
2025-11-20 18:17:20 | Змін не виявлено
2025-11-20 18:22:29 | Змін не виявлено
2025-11-20 18:28:10 | Змін не виявлено
2025-11-20 18:33:20 | Зміни виявлено: Змінені групи: 1.2
2025-11-20 18:38:40 | Змін не виявлено
2025-11-20 18:40:27 | Змін не виявлено
2025-11-20 18:40:47 | Зміни виявлено: Змінені групи: 1.2
2025-11-20 18:44:10 | Змін не виявлено
2025-11-20 18:49:15 | Змін не виявлено
2025-11-20 18:52:18 | Змін не виявлено
2025-11-20 18:52:50 | Зміни виявлено: Змінені групи: 1.2
2025-11-20 18:54:20 | Змін не виявлено
2025-11-20 18:59:59 | Зміни виявлено: Змінені групи: 2.1
